<?xml version="1.0" encoding="UTF-8"?>
<!-- Generated by org.testng.reporters.JUnitReportReporter -->
<testsuite hostname="EC2AMAZ-S11DBRH" failures="0" tests="4" name="parellelScripts.sampleFive" time="0.019" errors="0" timestamp="2023-11-27T13:12:22 GMT" skipped="0">
  <testcase classname="parellelScripts.sampleFive" name="testEight" time="0.011"/>
  <system-out/>
  <testcase classname="parellelScripts.sampleFive" name="testseven" time="0.002"/>
  <system-out/>
  <testcase classname="parellelScripts.sampleFive" name="testsix" time="0.002"/>
  <system-out/>
  <testcase classname="parellelScripts.sampleFive" name="testfive" time="0.004"/>
  <system-out/>
</testsuite> <!-- parellelScripts.sampleFive -->
