<?xml version="1.0" encoding="UTF-8"?>
<!-- Generated by org.testng.reporters.JUnitReportReporter -->
<testsuite hostname="EC2AMAZ-S11DBRH" failures="0" tests="4" name="testScripts.sampleThreeTest" time="0.017" errors="0" timestamp="2023-11-27T12:30:54 GMT" skipped="0">
  <testcase classname="testScripts.sampleThreeTest" name="testOne" time="0.002"/>
  <system-out/>
  <testcase classname="testScripts.sampleThreeTest" name="testThree" time="0.002"/>
  <system-out/>
  <testcase classname="testScripts.sampleThreeTest" name="testFour" time="0.010"/>
  <system-out/>
  <testcase classname="testScripts.sampleThreeTest" name="testTwo" time="0.003"/>
  <system-out/>
</testsuite> <!-- testScripts.sampleThreeTest -->
